10.11:00.26.55 DEBUG	ru.sfedu.chatasservice.ChatAsServiceClient:14 - ChatAsServicelClient[0]: starting application............
10.11:00.26.55  INFO	ru.sfedu.chatasservice.ChatAsServiceClient:19 - Launching the application...
10.11:00.26.55  INFO	ru.sfedu.chatasservice.ChatAsServiceClient:20 - Operating system: Mac OS X 10.12.6
10.11:00.26.55  INFO	ru.sfedu.chatasservice.ChatAsServiceClient:24 - JRE: 1.8.0_144
10.11:00.26.55  INFO	ru.sfedu.chatasservice.ChatAsServiceClient:25 - Java Launched From: /Library/Java/JavaVirtualMachines/jdk1.8.0_144.jdk/Contents/Home/jre
10.11:00.26.55  INFO	ru.sfedu.chatasservice.ChatAsServiceClient:26 - Class Path: /Users/entropy/NetBeansProjects/ChatAsService/target/test-classes:/Users/entropy/NetBeansProjects/ChatAsService/target/classes:/Users/entropy/.m2/repository/junit/junit/4.12/junit-4.12.jar:/Users/entropy/.m2/repository/org/hamcrest/hamcrest-core/1.3/hamcrest-core-1.3.jar:/Users/entropy/.m2/repository/org/simpleframework/simple-xml/2.7.1/simple-xml-2.7.1.jar:/Users/entropy/.m2/repository/stax/stax-api/1.0.1/stax-api-1.0.1.jar:/Users/entropy/.m2/repository/stax/stax/1.2.0/stax-1.2.0.jar:/Users/entropy/.m2/repository/xpp3/xpp3/1.1.3.3/xpp3-1.1.3.3.jar:/Users/entropy/.m2/repository/log4j/log4j/1.2.17/log4j-1.2.17.jar:/Users/entropy/.m2/repository/com/opencsv/opencsv/4.0/opencsv-4.0.jar:/Users/entropy/.m2/repository/org/apache/commons/commons-lang3/3.6/commons-lang3-3.6.jar:/Users/entropy/.m2/repository/org/apache/commons/commons-text/1.1/commons-text-1.1.jar:/Users/entropy/.m2/repository/commons-beanutils/commons-beanutils/1.9.3/commons-beanutils-1.9.3.jar:/Users/entropy/.m2/repository/commons-logging/commons-logging/1.2/commons-logging-1.2.jar:/Users/entropy/.m2/repository/commons-collections/commons-collections/3.2.2/commons-collections-3.2.2.jar:
10.11:00.26.55  INFO	ru.sfedu.chatasservice.ChatAsServiceClient:27 - Library Path: /Users/entropy/Library/Java/Extensions:/Library/Java/Extensions:/Network/Library/Java/Extensions:/System/Library/Java/Extensions:/usr/lib/java:.
10.11:00.26.55  INFO	ru.sfedu.chatasservice.ChatAsServiceClient:28 - User Home Directory: /Users/entropy
10.11:00.26.55  INFO	ru.sfedu.chatasservice.ChatAsServiceClient:29 - User Working Directory: /Users/entropy/NetBeansProjects/ChatAsService
10.11:00.26.55  INFO	ru.sfedu.chatasservice.ChatAsServiceClient:30 - Test INFO logging.
10.11:00.28.07 DEBUG	ru.sfedu.chatasservice.ChatAsServiceClient:14 - ChatAsServicelClient[0]: starting application............
10.11:00.28.07  INFO	ru.sfedu.chatasservice.ChatAsServiceClient:19 - Launching the application...
10.11:00.28.07  INFO	ru.sfedu.chatasservice.ChatAsServiceClient:20 - Operating system: Mac OS X 10.12.6
10.11:00.28.07  INFO	ru.sfedu.chatasservice.ChatAsServiceClient:24 - JRE: 1.8.0_144
10.11:00.28.07  INFO	ru.sfedu.chatasservice.ChatAsServiceClient:25 - Java Launched From: /Library/Java/JavaVirtualMachines/jdk1.8.0_144.jdk/Contents/Home/jre
10.11:00.28.07  INFO	ru.sfedu.chatasservice.ChatAsServiceClient:26 - Class Path: /Users/entropy/NetBeansProjects/ChatAsService/target/test-classes:/Users/entropy/NetBeansProjects/ChatAsService/target/classes:/Users/entropy/.m2/repository/junit/junit/4.12/junit-4.12.jar:/Users/entropy/.m2/repository/org/hamcrest/hamcrest-core/1.3/hamcrest-core-1.3.jar:/Users/entropy/.m2/repository/org/simpleframework/simple-xml/2.7.1/simple-xml-2.7.1.jar:/Users/entropy/.m2/repository/stax/stax-api/1.0.1/stax-api-1.0.1.jar:/Users/entropy/.m2/repository/stax/stax/1.2.0/stax-1.2.0.jar:/Users/entropy/.m2/repository/xpp3/xpp3/1.1.3.3/xpp3-1.1.3.3.jar:/Users/entropy/.m2/repository/log4j/log4j/1.2.17/log4j-1.2.17.jar:/Users/entropy/.m2/repository/com/opencsv/opencsv/4.0/opencsv-4.0.jar:/Users/entropy/.m2/repository/org/apache/commons/commons-lang3/3.6/commons-lang3-3.6.jar:/Users/entropy/.m2/repository/org/apache/commons/commons-text/1.1/commons-text-1.1.jar:/Users/entropy/.m2/repository/commons-beanutils/commons-beanutils/1.9.3/commons-beanutils-1.9.3.jar:/Users/entropy/.m2/repository/commons-logging/commons-logging/1.2/commons-logging-1.2.jar:/Users/entropy/.m2/repository/commons-collections/commons-collections/3.2.2/commons-collections-3.2.2.jar:
10.11:00.28.07  INFO	ru.sfedu.chatasservice.ChatAsServiceClient:27 - Library Path: /Users/entropy/Library/Java/Extensions:/Library/Java/Extensions:/Network/Library/Java/Extensions:/System/Library/Java/Extensions:/usr/lib/java:.
10.11:00.28.07  INFO	ru.sfedu.chatasservice.ChatAsServiceClient:28 - User Home Directory: /Users/entropy
10.11:00.28.07  INFO	ru.sfedu.chatasservice.ChatAsServiceClient:29 - User Working Directory: /Users/entropy/NetBeansProjects/ChatAsService
10.11:00.28.07  INFO	ru.sfedu.chatasservice.ChatAsServiceClient:30 - Test INFO logging.
10.31:23.35.24  INFO	ru.sfedu.chatasservice.database.Postgres:53 - String in row: SERGEY
10.31:23.35.24  INFO	ru.sfedu.chatasservice.database.Postgres:53 - String in row: KIRILL
10.31:23.35.24  INFO	ru.sfedu.chatasservice.database.Postgres:53 - String in row: ANDREY
11.01:01.11.46  INFO	ru.sfedu.chatasservice.database.Postgres:51 - String in row: SERGEY
11.01:01.11.46  INFO	ru.sfedu.chatasservice.database.Postgres:51 - String in row: KIRILL
11.01:01.11.46  INFO	ru.sfedu.chatasservice.database.Postgres:51 - String in row: ANDREY
11.01:01.36.51  INFO	ru.sfedu.chatasservice.database.Postgres:50 - String in row: SERGEY
11.01:01.36.51  INFO	ru.sfedu.chatasservice.database.Postgres:50 - String in row: KIRILL
11.01:01.36.51  INFO	ru.sfedu.chatasservice.database.Postgres:50 - String in row: ANDREY
11.01:01.37.27  INFO	ru.sfedu.chatasservice.database.Postgres:50 - String in row: SERGEY
11.01:01.37.27  INFO	ru.sfedu.chatasservice.database.Postgres:50 - String in row: KIRILL
11.01:01.37.27  INFO	ru.sfedu.chatasservice.database.Postgres:50 - String in row: ANDREY
